\BOOKMARK [0][-]{chapter*.1}{KATA PENGANTAR}{}% 1
\BOOKMARK [0][-]{chapter*.3}{DAFTAR GAMBAR}{}% 2
\BOOKMARK [0][-]{chapter*.4}{DAFTAR TABEL}{}% 3
\BOOKMARK [-1][-]{part.1}{I PEMROGRAMAN PYTHON}{}% 4
\BOOKMARK [0][-]{chapter.1}{PENDAHULUAN}{part.1}% 5
\BOOKMARK [1][-]{section.1.1}{Apa itu Program?}{chapter.1}% 6
\BOOKMARK [1][-]{section.1.2}{Bahasa Pemrograman}{chapter.1}% 7
\BOOKMARK [2][-]{subsection.1.2.1}{Bahasa Mesin}{section.1.2}% 8
\BOOKMARK [2][-]{subsection.1.2.2}{Bahasa Assembly}{section.1.2}% 9
\BOOKMARK [2][-]{subsection.1.2.3}{Bahasa Tingkat Tinggi}{section.1.2}% 10
\BOOKMARK [1][-]{section.1.3}{Mengapa harus Python?}{chapter.1}% 11
\BOOKMARK [1][-]{section.1.4}{Soal Latihan}{chapter.1}% 12
\BOOKMARK [0][-]{chapter.2}{VISUALISASI DATA}{part.1}% 13
\BOOKMARK [1][-]{section.2.1}{Apa itu Data?}{chapter.2}% 14
\BOOKMARK [1][-]{section.2.2}{Fungsi Data}{chapter.2}% 15
\BOOKMARK [1][-]{section.2.3}{Jenis Data}{chapter.2}% 16
\BOOKMARK [2][-]{subsection.2.3.1}{Data Kualitatif}{section.2.3}% 17
\BOOKMARK [2][-]{subsection.2.3.2}{Data Kuantitatif}{section.2.3}% 18
\BOOKMARK [1][-]{section.2.4}{Data Diskrit vs Data Kontinyu}{chapter.2}% 19
\BOOKMARK [2][-]{subsection.2.4.1}{Data Diskrit}{section.2.4}% 20
\BOOKMARK [2][-]{subsection.2.4.2}{Data Kontinyu}{section.2.4}% 21
\BOOKMARK [1][-]{section.2.5}{Data Numerik vs Data Kategori}{chapter.2}% 22
\BOOKMARK [2][-]{subsection.2.5.1}{Data Numerik}{section.2.5}% 23
\BOOKMARK [2][-]{subsection.2.5.2}{Data Kategori}{section.2.5}% 24
\BOOKMARK [0][-]{appendix.A}{GLOSARIUM}{part.1}% 25
\BOOKMARK [0][-]{appendix*.7}{DAFTAR PUSTAKA}{part.1}% 26
